2020-04-26 12:04:398 INFO  BrowserSelector :19 - Launching Chrome Browser
2020-04-26 12:04:130 INFO  HomePage :26 - clicking on login or register link Proxy element for: DefaultElementLocator 'By.xpath: //span[@class='icon-fallback']'
2020-04-26 12:04:164 INFO  LoginPage :21 - Get Welcome Guest text [[ChromeDriver: chrome on WINDOWS (bad5107a83f8542e87f30e21fdc059dd)] -> xpath: //li[@class='navbar-text myprofile_salutation']]
2020-04-26 12:04:513 INFO  BrowserSelector :19 - Launching Chrome Browser
2020-04-26 12:04:394 INFO  HomePage :26 - clicking on login or register link Proxy element for: DefaultElementLocator 'By.xpath: //span[@class='icon-fallback']'
2020-04-26 12:04:435 INFO  LoginPage :21 - Get Welcome Guest text [[ChromeDriver: chrome on WINDOWS (879d51096152a4498ec0129d99d305b0)] -> xpath: //li[@class='navbar-text myprofile_salutation']]
2020-04-26 12:04:253 INFO  BrowserSelector :19 - Launching Chrome Browser
2020-04-26 12:04:791 INFO  BrowserSelector :19 - Launching Chrome Browser
2020-04-26 12:04:500 INFO  HomePage :24 - clicking on login or register link Proxy element for: DefaultElementLocator 'By.xpath: //span[@class='icon-fallback']'
2020-04-26 12:04:551 INFO  LoginPage :19 - Get Welcome Guest text [[ChromeDriver: chrome on WINDOWS (4544522243704456434531f677e6d155)] -> xpath: //li[@class='navbar-text myprofile_salutation']]
2020-04-26 12:04:731 INFO  BrowserSelector :19 - Launching Chrome Browser
2020-04-26 12:04:681 INFO  HomePage :24 - clicking on login or register link Proxy element for: DefaultElementLocator 'By.xpath: //span[@class='icon-fallback']'
2020-04-26 12:04:702 INFO  LoginPage :33 - Get Welcome Guest text [[ChromeDriver: chrome on WINDOWS (721ef2af9eb31efcfd74c480a61b7bb7)] -> xpath: //li[@class='navbar-text myprofile_salutation']]
2020-04-26 12:04:318 INFO  BrowserSelector :19 - Launching Chrome Browser
2020-04-26 12:04:419 INFO  HomePage :24 - clicking on login or register link Proxy element for: DefaultElementLocator 'By.xpath: //span[@class='icon-fallback']'
2020-04-26 13:04:160 INFO  BrowserSelector :19 - Launching Chrome Browser
2020-04-26 13:04:114 INFO  HomePage :24 - clicking on login or register link Proxy element for: DefaultElementLocator 'By.xpath: //span[@class='icon-fallback']'
2020-04-26 13:04:134 INFO  LoginPage :33 - Get Welcome Guest text [[ChromeDriver: chrome on WINDOWS (2e61dee67c4fb8b4b1e8c1f7036aa633)] -> xpath: //li[@class='navbar-text myprofile_salutation']]
2020-04-26 13:04:755 INFO  BrowserSelector :19 - Launching Chrome Browser
2020-04-26 13:04:186 INFO  HomePage :24 - clicking on login or register link Proxy element for: DefaultElementLocator 'By.xpath: //span[@class='icon-fallback']'
2020-04-26 13:04:290 INFO  LoginPage :40 - enter email[[ChromeDriver: chrome on WINDOWS (3d5ebc5474acd6bf0fb6864301179832)] -> id: username-input]
2020-04-26 13:04:364 INFO  LoginPage :46 - enter password[[ChromeDriver: chrome on WINDOWS (3d5ebc5474acd6bf0fb6864301179832)] -> id: password-input]
2020-04-26 13:04:715 INFO  LoginPage :52 -  Clicking on Login Button[[ChromeDriver: chrome on WINDOWS (3d5ebc5474acd6bf0fb6864301179832)] -> xpath: //input[@id='submitBtnSignIn']]
2020-04-26 13:04:736 INFO  LoginPage :57 - Get Error message text [[ChromeDriver: chrome on WINDOWS (3d5ebc5474acd6bf0fb6864301179832)] -> xpath: //span[@id='password.errors']]
2020-04-26 13:04:169 INFO  BrowserSelector :19 - Launching Chrome Browser
2020-04-26 13:04:251 INFO  HomePage :24 - clicking on login or register link Proxy element for: DefaultElementLocator 'By.xpath: //span[@class='icon-fallback']'
2020-04-26 13:04:295 INFO  LoginPage :33 - Get Welcome Guest text [[ChromeDriver: chrome on WINDOWS (3fd7e22f96f88241b7dce94ed128811a)] -> xpath: //li[@class='navbar-text myprofile_salutation']]
2020-04-26 13:04:954 INFO  BrowserSelector :19 - Launching Chrome Browser
2020-04-26 13:04:833 INFO  HomePage :24 - clicking on login or register link Proxy element for: DefaultElementLocator 'By.xpath: //span[@class='icon-fallback']'
2020-04-26 13:04:987 INFO  LoginPage :40 - enter email[[ChromeDriver: chrome on WINDOWS (edc82849f3e14cd3f919957301b6ffd7)] -> id: username-input]
2020-04-26 13:04:75 INFO  LoginPage :46 - enter password[[ChromeDriver: chrome on WINDOWS (edc82849f3e14cd3f919957301b6ffd7)] -> id: password-input]
2020-04-26 13:04:603 INFO  LoginPage :52 -  Clicking on Login Button[[ChromeDriver: chrome on WINDOWS (edc82849f3e14cd3f919957301b6ffd7)] -> xpath: //input[@id='submitBtnSignIn']]
2020-04-26 13:04:625 INFO  LoginPage :57 - Get Error message text [[ChromeDriver: chrome on WINDOWS (edc82849f3e14cd3f919957301b6ffd7)] -> xpath: //span[@id='password.errors']]
2020-04-26 13:04:257 INFO  BrowserSelector :19 - Launching Chrome Browser
2020-04-26 14:04:358 INFO  HomePage :31 - clicking on service button: [[ChromeDriver: chrome on WINDOWS (74f0202e1015b95cb0e02f0d7fa14893)] -> xpath: //span[@class='button__text'][contains(text(),'Services')]]
2020-04-26 14:04:975 INFO  BrowserSelector :19 - Launching Chrome Browser
2020-04-26 14:04:804 INFO  HomePage :31 - clicking on service button: [[ChromeDriver: chrome on WINDOWS (98b5acb5956e8a92cf2d0e8bf97c4c15)] -> xpath: //span[@class='button__text'][contains(text(),'Services')]]
2020-04-26 14:04:537 INFO  BrowserSelector :19 - Launching Chrome Browser
2020-04-26 14:04:482 INFO  HomePage :24 - clicking on login or register link Proxy element for: DefaultElementLocator 'By.xpath: //span[@class='icon-fallback']'
2020-04-26 14:04:519 INFO  LoginPage :33 - Get Welcome Guest text [[ChromeDriver: chrome on WINDOWS (90e40e700f142a04016d1136b58406d4)] -> xpath: //li[@class='navbar-text myprofile_salutation']]
2020-04-26 14:04:177 INFO  BrowserSelector :19 - Launching Chrome Browser
2020-04-26 14:04:964 INFO  HomePage :24 - clicking on login or register link Proxy element for: DefaultElementLocator 'By.xpath: //span[@class='icon-fallback']'
2020-04-26 14:04:110 INFO  LoginPage :40 - enter email[[ChromeDriver: chrome on WINDOWS (80795579b7f6d5efe014b0f40cd54c29)] -> id: username-input]
2020-04-26 14:04:245 INFO  LoginPage :46 - enter password[[ChromeDriver: chrome on WINDOWS (80795579b7f6d5efe014b0f40cd54c29)] -> id: password-input]
2020-04-26 14:04:46 INFO  LoginPage :52 -  Clicking on Login Button[[ChromeDriver: chrome on WINDOWS (80795579b7f6d5efe014b0f40cd54c29)] -> xpath: //input[@id='submitBtnSignIn']]
2020-04-26 14:04:81 INFO  LoginPage :57 - Get Error message text [[ChromeDriver: chrome on WINDOWS (80795579b7f6d5efe014b0f40cd54c29)] -> xpath: //span[@id='password.errors']]
2020-04-26 14:04:738 INFO  BrowserSelector :19 - Launching Chrome Browser
2020-04-26 14:04:503 INFO  HomePage :31 - clicking on service button: [[ChromeDriver: chrome on WINDOWS (55564bee7e8a530ede4bf3e47f9f8cab)] -> xpath: //span[@class='button__text'][contains(text(),'Services')]]
2020-04-26 14:04:529 INFO  ServicePage :24 - Get Adult Social Care Text[[ChromeDriver: chrome on WINDOWS (55564bee7e8a530ede4bf3e47f9f8cab)] -> id: js-menu-first-item]
2020-04-26 14:04:544 INFO  BrowserSelector :19 - Launching Chrome Browser
2020-04-26 14:04:453 INFO  HomePage :31 - clicking on service button: [[ChromeDriver: chrome on WINDOWS (05f37a86483edb1c463f6789b556b247)] -> xpath: //span[@class='button__text'][contains(text(),'Services')]]
2020-04-26 14:04:479 INFO  ServicePage :24 - Get Adult Social Care Text[[ChromeDriver: chrome on WINDOWS (05f37a86483edb1c463f6789b556b247)] -> id: js-menu-first-item]
2020-04-26 14:04:226 INFO  BrowserSelector :19 - Launching Chrome Browser
2020-04-26 14:04:506 INFO  HomePage :24 - clicking on login or register link Proxy element for: DefaultElementLocator 'By.xpath: //span[@class='icon-fallback']'
2020-04-26 14:04:549 INFO  LoginPage :33 - Get Welcome Guest text [[ChromeDriver: chrome on WINDOWS (a7b64b28d2556cdf0cd76d18f2ac1a72)] -> xpath: //li[@class='navbar-text myprofile_salutation']]
2020-04-26 14:04:213 INFO  BrowserSelector :19 - Launching Chrome Browser
2020-04-26 14:04:248 INFO  HomePage :24 - clicking on login or register link Proxy element for: DefaultElementLocator 'By.xpath: //span[@class='icon-fallback']'
2020-04-26 14:04:395 INFO  LoginPage :40 - enter email[[ChromeDriver: chrome on WINDOWS (10790e89cc4fec331c8635ac407715ef)] -> id: username-input]
2020-04-26 14:04:485 INFO  LoginPage :46 - enter password[[ChromeDriver: chrome on WINDOWS (10790e89cc4fec331c8635ac407715ef)] -> id: password-input]
2020-04-26 14:04:842 INFO  LoginPage :52 -  Clicking on Login Button[[ChromeDriver: chrome on WINDOWS (10790e89cc4fec331c8635ac407715ef)] -> xpath: //input[@id='submitBtnSignIn']]
2020-04-26 14:04:872 INFO  LoginPage :57 - Get Error message text [[ChromeDriver: chrome on WINDOWS (10790e89cc4fec331c8635ac407715ef)] -> xpath: //span[@id='password.errors']]
2020-04-26 14:04:539 INFO  BrowserSelector :19 - Launching Chrome Browser
2020-04-26 14:04:611 INFO  HomePage :31 - clicking on service button: [[ChromeDriver: chrome on WINDOWS (b4df72c99212b3f6eb32068e8d511a13)] -> xpath: //span[@class='button__text'][contains(text(),'Services')]]
2020-04-26 14:04:644 INFO  ServicePage :24 - Get Adult Social Care Text[[ChromeDriver: chrome on WINDOWS (b4df72c99212b3f6eb32068e8d511a13)] -> xpath: //a[@id='js-menu-first-item']]
2020-04-26 14:04:671 INFO  BrowserSelector :19 - Launching Chrome Browser
2020-04-26 14:04:150 INFO  HomePage :31 - clicking on service button: [[ChromeDriver: chrome on WINDOWS (a5d5f0736ff5a6d7d1b5a3f7afb908c7)] -> xpath: //span[@class='button__text'][contains(text(),'Services')]]
2020-04-26 14:04:178 INFO  ServicePage :24 - Get Adult Social Care Text[[ChromeDriver: chrome on WINDOWS (a5d5f0736ff5a6d7d1b5a3f7afb908c7)] -> xpath: //a[@id='js-menu-first-item']]
2020-04-26 14:04:94 INFO  BrowserSelector :19 - Launching Chrome Browser
2020-04-26 14:04:119 INFO  HomePage :24 - clicking on login or register link Proxy element for: DefaultElementLocator 'By.xpath: //span[@class='icon-fallback']'
2020-04-26 14:04:155 INFO  LoginPage :33 - Get Welcome Guest text [[ChromeDriver: chrome on WINDOWS (fb5f6eaf3db99a8c508be800549a080b)] -> xpath: //li[@class='navbar-text myprofile_salutation']]
2020-04-26 14:04:805 INFO  BrowserSelector :19 - Launching Chrome Browser
2020-04-26 14:04:25 INFO  HomePage :24 - clicking on login or register link Proxy element for: DefaultElementLocator 'By.xpath: //span[@class='icon-fallback']'
2020-04-26 14:04:174 INFO  LoginPage :40 - enter email[[ChromeDriver: chrome on WINDOWS (52284789be072d19c8873664f4962dec)] -> id: username-input]
2020-04-26 14:04:308 INFO  LoginPage :46 - enter password[[ChromeDriver: chrome on WINDOWS (52284789be072d19c8873664f4962dec)] -> id: password-input]
2020-04-26 14:04:947 INFO  LoginPage :52 -  Clicking on Login Button[[ChromeDriver: chrome on WINDOWS (52284789be072d19c8873664f4962dec)] -> xpath: //input[@id='submitBtnSignIn']]
2020-04-26 14:04:994 INFO  LoginPage :57 - Get Error message text [[ChromeDriver: chrome on WINDOWS (52284789be072d19c8873664f4962dec)] -> xpath: //span[@id='password.errors']]
2020-04-26 14:04:661 INFO  BrowserSelector :19 - Launching Chrome Browser
2020-04-26 14:04:819 INFO  HomePage :31 - clicking on service button: [[ChromeDriver: chrome on WINDOWS (5dfe60ead5065909037ac9b307713f69)] -> xpath: //span[@class='button__text'][contains(text(),'Services')]]
2020-04-26 14:04:531 INFO  ServicePage :25 - Get Adult Social Care Text[[ChromeDriver: chrome on WINDOWS (5dfe60ead5065909037ac9b307713f69)] -> xpath: //a[@id='js-menu-first-item']]
2020-04-26 14:04:167 INFO  BrowserSelector :19 - Launching Chrome Browser
2020-04-26 14:04:819 INFO  HomePage :31 - clicking on service button: [[ChromeDriver: chrome on WINDOWS (325c97b677d79e676fdf43f789e07c68)] -> xpath: //span[@class='button__text'][contains(text(),'Services')]]
2020-04-26 14:04:421 INFO  ServicePage :25 - Get Adult Social Care Text[[ChromeDriver: chrome on WINDOWS (325c97b677d79e676fdf43f789e07c68)] -> xpath: //a[@id='js-menu-first-item']]
2020-04-26 14:04:528 INFO  ServicePage :32 -  Clicking on close link[[ChromeDriver: chrome on WINDOWS (325c97b677d79e676fdf43f789e07c68)] -> xpath: //span[@class='button__text'][contains(text(),'Close')]]
2020-04-26 14:04:205 INFO  BrowserSelector :19 - Launching Chrome Browser
2020-04-26 14:04:178 INFO  HomePage :24 - clicking on login or register link Proxy element for: DefaultElementLocator 'By.xpath: //span[@class='icon-fallback']'
2020-04-26 14:04:200 INFO  LoginPage :33 - Get Welcome Guest text [[ChromeDriver: chrome on WINDOWS (de962452fc1684c513366335d3dd93b9)] -> xpath: //li[@class='navbar-text myprofile_salutation']]
2020-04-26 14:04:873 INFO  BrowserSelector :19 - Launching Chrome Browser
2020-04-26 14:04:881 INFO  HomePage :24 - clicking on login or register link Proxy element for: DefaultElementLocator 'By.xpath: //span[@class='icon-fallback']'
2020-04-26 14:04:00 INFO  LoginPage :40 - enter email[[ChromeDriver: chrome on WINDOWS (428a9137326a576ac69c826bf7a453e5)] -> id: username-input]
2020-04-26 14:04:91 INFO  LoginPage :46 - enter password[[ChromeDriver: chrome on WINDOWS (428a9137326a576ac69c826bf7a453e5)] -> id: password-input]
2020-04-26 14:04:553 INFO  LoginPage :52 -  Clicking on Login Button[[ChromeDriver: chrome on WINDOWS (428a9137326a576ac69c826bf7a453e5)] -> xpath: //input[@id='submitBtnSignIn']]
2020-04-26 14:04:577 INFO  LoginPage :57 - Get Error message text [[ChromeDriver: chrome on WINDOWS (428a9137326a576ac69c826bf7a453e5)] -> xpath: //span[@id='password.errors']]
2020-04-26 14:04:246 INFO  BrowserSelector :19 - Launching Chrome Browser
2020-04-26 14:04:560 INFO  HomePage :31 - clicking on service button: [[ChromeDriver: chrome on WINDOWS (e8dbf459c2a84c410f90db04e519653b)] -> xpath: //span[@class='button__text'][contains(text(),'Services')]]
2020-04-26 14:04:287 INFO  ServicePage :25 - Get Adult Social Care Text[[ChromeDriver: chrome on WINDOWS (e8dbf459c2a84c410f90db04e519653b)] -> xpath: //a[@id='js-menu-first-item']]
2020-04-26 14:04:11 INFO  BrowserSelector :19 - Launching Chrome Browser
2020-04-26 14:04:914 INFO  HomePage :31 - clicking on service button: [[ChromeDriver: chrome on WINDOWS (59864828b5e88aa70987112d1788377a)] -> xpath: //span[@class='button__text'][contains(text(),'Services')]]
2020-04-26 14:04:524 INFO  ServicePage :25 - Get Adult Social Care Text[[ChromeDriver: chrome on WINDOWS (59864828b5e88aa70987112d1788377a)] -> xpath: //a[@id='js-menu-first-item']]
2020-04-26 14:04:688 INFO  ServicePage :33 -  Clicking on close link[[ChromeDriver: chrome on WINDOWS (59864828b5e88aa70987112d1788377a)] -> xpath: //span[@class='button__text'][contains(text(),'Close')]]
2020-04-26 14:04:717 INFO  HomePage :36 - Get text from services button[[ChromeDriver: chrome on WINDOWS (59864828b5e88aa70987112d1788377a)] -> xpath: //span[@class='button__text'][contains(text(),'Services')]]
2020-04-26 14:04:460 INFO  BrowserSelector :19 - Launching Chrome Browser
2020-04-26 14:04:752 INFO  HomePage :31 - clicking on service button: [[ChromeDriver: chrome on WINDOWS (61275b1e3406ef414c90f13a0e4cfaad)] -> xpath: //span[@class='button__text'][contains(text(),'Services')]]
2020-04-26 14:04:441 INFO  ServicePage :25 - Get Adult Social Care Text[[ChromeDriver: chrome on WINDOWS (61275b1e3406ef414c90f13a0e4cfaad)] -> xpath: //a[@id='js-menu-first-item']]
2020-04-26 14:04:166 INFO  BrowserSelector :19 - Launching Chrome Browser
2020-04-26 14:04:936 INFO  HomePage :31 - clicking on service button: [[ChromeDriver: chrome on WINDOWS (6121a734acbfde4aba15fa6aa477dbc2)] -> xpath: //span[@class='button__text'][contains(text(),'Services')]]
2020-04-26 14:04:553 INFO  ServicePage :25 - Get Adult Social Care Text[[ChromeDriver: chrome on WINDOWS (6121a734acbfde4aba15fa6aa477dbc2)] -> xpath: //a[@id='js-menu-first-item']]
2020-04-26 14:04:751 INFO  ServicePage :33 -  Clicking on close link[[ChromeDriver: chrome on WINDOWS (6121a734acbfde4aba15fa6aa477dbc2)] -> xpath: //span[@class='button__text'][contains(text(),'Close')]]
2020-04-26 14:04:783 INFO  HomePage :36 - Get text from services button[[ChromeDriver: chrome on WINDOWS (6121a734acbfde4aba15fa6aa477dbc2)] -> xpath: //span[@class='button__text'][contains(text(),'Services')]]
2020-04-26 14:04:545 INFO  BrowserSelector :19 - Launching Chrome Browser
2020-04-26 14:04:903 INFO  HomePage :24 - clicking on login or register link Proxy element for: DefaultElementLocator 'By.xpath: //span[@class='icon-fallback']'
2020-04-26 14:04:926 INFO  LoginPage :33 - Get Welcome Guest text [[ChromeDriver: chrome on WINDOWS (07d55de275d70eeefb698153260564c2)] -> xpath: //li[@class='navbar-text myprofile_salutation']]
2020-04-26 14:04:602 INFO  BrowserSelector :19 - Launching Chrome Browser
2020-04-26 14:04:527 INFO  HomePage :24 - clicking on login or register link Proxy element for: DefaultElementLocator 'By.xpath: //span[@class='icon-fallback']'
2020-04-26 14:04:646 INFO  LoginPage :40 - enter email[[ChromeDriver: chrome on WINDOWS (b08318542473324251616ac0d8bebbb7)] -> id: username-input]
2020-04-26 14:04:754 INFO  LoginPage :46 - enter password[[ChromeDriver: chrome on WINDOWS (b08318542473324251616ac0d8bebbb7)] -> id: password-input]
2020-04-26 14:04:243 INFO  LoginPage :52 -  Clicking on Login Button[[ChromeDriver: chrome on WINDOWS (b08318542473324251616ac0d8bebbb7)] -> xpath: //input[@id='submitBtnSignIn']]
2020-04-26 14:04:276 INFO  LoginPage :57 - Get Error message text [[ChromeDriver: chrome on WINDOWS (b08318542473324251616ac0d8bebbb7)] -> xpath: //span[@id='password.errors']]
2020-04-26 14:04:949 INFO  BrowserSelector :19 - Launching Chrome Browser
2020-04-26 14:04:547 INFO  HomePage :31 - clicking on service button: [[ChromeDriver: chrome on WINDOWS (ed946ce497a838941308b7aeacb9bfb1)] -> xpath: //span[@class='button__text'][contains(text(),'Services')]]
2020-04-26 14:04:280 INFO  ServicePage :25 - Get Adult Social Care Text[[ChromeDriver: chrome on WINDOWS (ed946ce497a838941308b7aeacb9bfb1)] -> xpath: //a[@id='js-menu-first-item']]
2020-04-26 14:04:941 INFO  BrowserSelector :19 - Launching Chrome Browser
2020-04-26 14:04:126 INFO  HomePage :31 - clicking on service button: [[ChromeDriver: chrome on WINDOWS (3ce8da7a2e1e173aba8905f3e7732afe)] -> xpath: //span[@class='button__text'][contains(text(),'Services')]]
2020-04-26 14:04:772 INFO  ServicePage :25 - Get Adult Social Care Text[[ChromeDriver: chrome on WINDOWS (3ce8da7a2e1e173aba8905f3e7732afe)] -> xpath: //a[@id='js-menu-first-item']]
2020-04-26 14:04:986 INFO  ServicePage :33 -  Clicking on close link[[ChromeDriver: chrome on WINDOWS (3ce8da7a2e1e173aba8905f3e7732afe)] -> xpath: //span[@class='button__text'][contains(text(),'Close')]]
2020-04-26 14:04:18 INFO  HomePage :36 - Get text from services button[[ChromeDriver: chrome on WINDOWS (3ce8da7a2e1e173aba8905f3e7732afe)] -> xpath: //span[@class='button__text'][contains(text(),'Services')]]
2020-04-26 14:04:503 INFO  BrowserSelector :19 - Launching Chrome Browser
2020-04-26 14:04:908 INFO  HomePage :24 - clicking on login or register link Proxy element for: DefaultElementLocator 'By.xpath: //span[@class='icon-fallback']'
2020-04-26 14:04:930 INFO  LoginPage :33 - Get Welcome Guest text [[ChromeDriver: chrome on WINDOWS (d3073e9ce4a43b5a5538fe78c2c3b194)] -> xpath: //li[@class='navbar-text myprofile_salutation']]
2020-04-26 14:04:557 INFO  BrowserSelector :19 - Launching Chrome Browser
2020-04-26 14:04:518 INFO  HomePage :24 - clicking on login or register link Proxy element for: DefaultElementLocator 'By.xpath: //span[@class='icon-fallback']'
2020-04-26 14:04:622 INFO  LoginPage :40 - enter email[[ChromeDriver: chrome on WINDOWS (017672a2b8f4e85c17796ca48d604269)] -> id: username-input]
2020-04-26 14:04:705 INFO  LoginPage :46 - enter password[[ChromeDriver: chrome on WINDOWS (017672a2b8f4e85c17796ca48d604269)] -> id: password-input]
2020-04-26 14:04:96 INFO  LoginPage :52 -  Clicking on Login Button[[ChromeDriver: chrome on WINDOWS (017672a2b8f4e85c17796ca48d604269)] -> xpath: //input[@id='submitBtnSignIn']]
2020-04-26 14:04:117 INFO  LoginPage :57 - Get Error message text [[ChromeDriver: chrome on WINDOWS (017672a2b8f4e85c17796ca48d604269)] -> xpath: //span[@id='password.errors']]
2020-04-26 14:04:729 INFO  BrowserSelector :19 - Launching Chrome Browser
2020-04-26 14:04:495 INFO  HomePage :31 - clicking on service button: [[ChromeDriver: chrome on WINDOWS (d44d7fe0c7ba4b93bf6505926ae3c9c0)] -> xpath: //span[@class='button__text'][contains(text(),'Services')]]
2020-04-26 14:04:149 INFO  ServicePage :25 - Get Adult Social Care Text[[ChromeDriver: chrome on WINDOWS (d44d7fe0c7ba4b93bf6505926ae3c9c0)] -> xpath: //a[@id='js-menu-first-item']]
2020-04-26 14:04:766 INFO  BrowserSelector :19 - Launching Chrome Browser
2020-04-26 14:04:953 INFO  HomePage :31 - clicking on service button: [[ChromeDriver: chrome on WINDOWS (6134f11ffc4eb250af0cae2877779d46)] -> xpath: //span[@class='button__text'][contains(text(),'Services')]]
2020-04-26 14:04:555 INFO  ServicePage :25 - Get Adult Social Care Text[[ChromeDriver: chrome on WINDOWS (6134f11ffc4eb250af0cae2877779d46)] -> xpath: //a[@id='js-menu-first-item']]
2020-04-26 14:04:711 INFO  ServicePage :33 -  Clicking on close link[[ChromeDriver: chrome on WINDOWS (6134f11ffc4eb250af0cae2877779d46)] -> xpath: //span[@class='button__text'][contains(text(),'Close')]]
2020-04-26 14:04:736 INFO  HomePage :36 - Get text from services button[[ChromeDriver: chrome on WINDOWS (6134f11ffc4eb250af0cae2877779d46)] -> xpath: //span[@class='button__text'][contains(text(),'Services')]]
2020-04-26 15:04:332 INFO  BrowserSelector :19 - Launching Chrome Browser
2020-04-26 15:04:801 INFO  HomePage :24 - clicking on login or register link Proxy element for: DefaultElementLocator 'By.xpath: //span[@class='icon-fallback']'
2020-04-26 15:04:823 INFO  LoginPage :33 - Get Welcome Guest text [[ChromeDriver: chrome on WINDOWS (5e3577f93a94ca99071a844c34b804f8)] -> xpath: //li[@class='navbar-text myprofile_salutation']]
2020-04-26 15:04:452 INFO  BrowserSelector :19 - Launching Chrome Browser
2020-04-26 15:04:895 INFO  HomePage :24 - clicking on login or register link Proxy element for: DefaultElementLocator 'By.xpath: //span[@class='icon-fallback']'
2020-04-26 15:04:996 INFO  LoginPage :40 - enter email[[ChromeDriver: chrome on WINDOWS (e9dc9ce84d5e49ddb3a26575d83881db)] -> id: username-input]
2020-04-26 15:04:80 INFO  LoginPage :46 - enter password[[ChromeDriver: chrome on WINDOWS (e9dc9ce84d5e49ddb3a26575d83881db)] -> id: password-input]
2020-04-26 15:04:436 INFO  LoginPage :52 -  Clicking on Login Button[[ChromeDriver: chrome on WINDOWS (e9dc9ce84d5e49ddb3a26575d83881db)] -> xpath: //input[@id='submitBtnSignIn']]
2020-04-26 15:04:457 INFO  LoginPage :57 - Get Error message text [[ChromeDriver: chrome on WINDOWS (e9dc9ce84d5e49ddb3a26575d83881db)] -> xpath: //span[@id='password.errors']]
2020-04-26 15:04:93 INFO  BrowserSelector :19 - Launching Chrome Browser
2020-04-26 15:04:693 INFO  HomePage :31 - clicking on service button: [[ChromeDriver: chrome on WINDOWS (218d6798686843cc70035ff7de3563c7)] -> xpath: //span[@class='button__text'][contains(text(),'Services')]]
2020-04-26 15:04:351 INFO  ServicePage :25 - Get Adult Social Care Text[[ChromeDriver: chrome on WINDOWS (218d6798686843cc70035ff7de3563c7)] -> xpath: //a[@id='js-menu-first-item']]
2020-04-26 15:04:971 INFO  BrowserSelector :19 - Launching Chrome Browser
2020-04-26 15:04:376 INFO  HomePage :31 - clicking on service button: [[ChromeDriver: chrome on WINDOWS (35a4115a39092130e9f8489801305fa0)] -> xpath: //span[@class='button__text'][contains(text(),'Services')]]
2020-04-26 15:04:968 INFO  ServicePage :25 - Get Adult Social Care Text[[ChromeDriver: chrome on WINDOWS (35a4115a39092130e9f8489801305fa0)] -> xpath: //a[@id='js-menu-first-item']]
2020-04-26 15:04:89 INFO  ServicePage :33 -  Clicking on close link[[ChromeDriver: chrome on WINDOWS (35a4115a39092130e9f8489801305fa0)] -> xpath: //span[@class='button__text'][contains(text(),'Close')]]
2020-04-26 15:04:110 INFO  HomePage :36 - Get text from services button[[ChromeDriver: chrome on WINDOWS (35a4115a39092130e9f8489801305fa0)] -> xpath: //span[@class='button__text'][contains(text(),'Services')]]
2020-04-26 19:04:951 INFO  BrowserSelector :19 - Launching Chrome Browser
2020-04-26 19:04:929 INFO  HomePage :24 - clicking on login or register link Proxy element for: DefaultElementLocator 'By.xpath: //span[@class='icon-fallback']'
2020-04-26 19:04:957 INFO  LoginPage :33 - Get Welcome Guest text [[ChromeDriver: chrome on WINDOWS (accfe45217842be4645c21bf5e304f84)] -> xpath: //li[@class='navbar-text myprofile_salutation']]
2020-04-26 19:04:643 INFO  BrowserSelector :19 - Launching Chrome Browser
2020-04-26 19:04:165 INFO  HomePage :24 - clicking on login or register link Proxy element for: DefaultElementLocator 'By.xpath: //span[@class='icon-fallback']'
2020-04-26 19:04:343 INFO  LoginPage :40 - enter email[[ChromeDriver: chrome on WINDOWS (f381f3581d7915a90b36cf04de5466f5)] -> id: username-input]
2020-04-26 19:04:461 INFO  LoginPage :46 - enter password[[ChromeDriver: chrome on WINDOWS (f381f3581d7915a90b36cf04de5466f5)] -> id: password-input]
2020-04-26 19:04:953 INFO  LoginPage :52 -  Clicking on Login Button[[ChromeDriver: chrome on WINDOWS (f381f3581d7915a90b36cf04de5466f5)] -> xpath: //input[@id='submitBtnSignIn']]
2020-04-26 19:04:985 INFO  LoginPage :57 - Get Error message text [[ChromeDriver: chrome on WINDOWS (f381f3581d7915a90b36cf04de5466f5)] -> xpath: //span[@id='password.errors']]
2020-04-26 19:04:693 INFO  BrowserSelector :19 - Launching Chrome Browser
2020-04-26 19:04:349 INFO  HomePage :31 - clicking on service button: [[ChromeDriver: chrome on WINDOWS (75a37332265c19aef7b3528671adea95)] -> xpath: //span[@class='button__text'][contains(text(),'Services')]]
2020-04-26 19:04:77 INFO  ServicePage :25 - Get Adult Social Care Text[[ChromeDriver: chrome on WINDOWS (75a37332265c19aef7b3528671adea95)] -> xpath: //a[@id='js-menu-first-item']]
2020-04-26 19:04:784 INFO  BrowserSelector :19 - Launching Chrome Browser
2020-04-26 19:04:427 INFO  HomePage :31 - clicking on service button: [[ChromeDriver: chrome on WINDOWS (610d6625817253e6a398d3239f8c6430)] -> xpath: //span[@class='button__text'][contains(text(),'Services')]]
2020-04-26 19:04:138 INFO  ServicePage :25 - Get Adult Social Care Text[[ChromeDriver: chrome on WINDOWS (610d6625817253e6a398d3239f8c6430)] -> xpath: //a[@id='js-menu-first-item']]
2020-04-26 19:04:352 INFO  ServicePage :33 -  Clicking on close link[[ChromeDriver: chrome on WINDOWS (610d6625817253e6a398d3239f8c6430)] -> xpath: //span[@class='button__text'][contains(text(),'Close')]]
2020-04-26 19:04:383 INFO  HomePage :36 - Get text from services button[[ChromeDriver: chrome on WINDOWS (610d6625817253e6a398d3239f8c6430)] -> xpath: //span[@class='button__text'][contains(text(),'Services')]]
